Info: Starting: Create block symbol file (.bsf)
Info: qsys-generate C:\FPGA\DE0_nano\Altera_DE0_nano_Exam\prj_niosii_timer\niosii.qsys --block-symbol-file --output-directory=C:\FPGA\DE0_nano\Altera_DE0_nano_Exam\prj_niosii_timer\niosii --family="Cyclone IV E" --part=EP4CE22F17C6
Progress: Loading prj_niosii_timer/niosii.qsys
Progress: Reading input file
Progress: Adding altpll_0 [altpll 15.1]
Progress: Parameterizing module altpll_0
Progress: Adding clk_0 [clock_source 15.1]
Progress: Parameterizing module clk_0
Progress: Adding jtag_uart_0 [altera_avalon_jtag_uart 15.1]
Progress: Parameterizing module jtag_uart_0
Progress: Adding nios2_gen2_0 [altera_nios2_gen2 15.1]
Progress: Parameterizing module nios2_gen2_0
Progress: Adding onchip_memory2_0 [altera_avalon_onchip_memory2 15.1]
Progress: Parameterizing module onchip_memory2_0
Progress: Adding pio_0 [altera_avalon_pio 15.1]
Progress: Parameterizing module pio_0
Progress: Adding timer_us [altera_avalon_timer 15.1]
Progress: Parameterizing module timer_us
Progress: Adding uart_0 [altera_avalon_uart 15.1]
Progress: Parameterizing module uart_0
Progress: Building connections
Progress: Parameterizing connections
Progress: Validating
Progress: Done reading input file
Warning: niosii.altpll_0: altpll_0.areset_conduit must be exported, or connected to a matching conduit.
Warning: niosii.altpll_0: altpll_0.locked_conduit must be exported, or connected to a matching conduit.
Warning: niosii.altpll_0: altpll_0.phasedone_conduit must be exported, or connected to a matching conduit.
Info: qsys-generate succeeded.
Info: Finished: Create block symbol file (.bsf)
Info: 
Info: Starting: Create HDL design files for synthesis
Info: qsys-generate C:\FPGA\DE0_nano\Altera_DE0_nano_Exam\prj_niosii_timer\niosii.qsys --synthesis=VHDL --output-directory=C:\FPGA\DE0_nano\Altera_DE0_nano_Exam\prj_niosii_timer\niosii\synthesis --family="Cyclone IV E" --part=EP4CE22F17C6
Progress: Loading prj_niosii_timer/niosii.qsys
Progress: Reading input file
Progress: Adding altpll_0 [altpll 15.1]
Progress: Parameterizing module altpll_0
Progress: Adding clk_0 [clock_source 15.1]
Progress: Parameterizing module clk_0
Progress: Adding jtag_uart_0 [altera_avalon_jtag_uart 15.1]
Progress: Parameterizing module jtag_uart_0
Progress: Adding nios2_gen2_0 [altera_nios2_gen2 15.1]
Progress: Parameterizing module nios2_gen2_0
Progress: Adding onchip_memory2_0 [altera_avalon_onchip_memory2 15.1]
Progress: Parameterizing module onchip_memory2_0
Progress: Adding pio_0 [altera_avalon_pio 15.1]
Progress: Parameterizing module pio_0
Progress: Adding timer_us [altera_avalon_timer 15.1]
Progress: Parameterizing module timer_us
Progress: Adding uart_0 [altera_avalon_uart 15.1]
Progress: Parameterizing module uart_0
Progress: Building connections
Progress: Parameterizing connections
Progress: Validating
Progress: Done reading input file
Warning: niosii.altpll_0: altpll_0.areset_conduit must be exported, or connected to a matching conduit.
Warning: niosii.altpll_0: altpll_0.locked_conduit must be exported, or connected to a matching conduit.
Warning: niosii.altpll_0: altpll_0.phasedone_conduit must be exported, or connected to a matching conduit.
Info: niosii: Generating niosii "niosii" for QUARTUS_SYNTH
Info: Inserting clock-crossing logic between cmd_demux.src2 and cmd_mux_002.sink0
Info: Inserting clock-crossing logic between cmd_demux.src4 and cmd_mux_004.sink0
Info: Inserting clock-crossing logic between cmd_demux.src5 and cmd_mux_005.sink0
Info: Inserting clock-crossing logic between cmd_demux.src6 and cmd_mux_006.sink0
Info: Inserting clock-crossing logic between cmd_demux_001.src2 and cmd_mux_002.sink1
Info: Inserting clock-crossing logic between cmd_demux_001.src4 and cmd_mux_004.sink1
Info: Inserting clock-crossing logic between cmd_demux_001.src5 and cmd_mux_005.sink1
Info: Inserting clock-crossing logic between cmd_demux_001.src6 and cmd_mux_006.sink1
Info: Inserting clock-crossing logic between rsp_demux_002.src0 and rsp_mux.sink2
Info: Inserting clock-crossing logic between rsp_demux_002.src1 and rsp_mux_001.sink2
Info: Inserting clock-crossing logic between rsp_demux_004.src0 and rsp_mux.sink4
Info: Inserting clock-crossing logic between rsp_demux_004.src1 and rsp_mux_001.sink4
Info: Inserting clock-crossing logic between rsp_demux_005.src0 and rsp_mux.sink5
Info: Inserting clock-crossing logic between rsp_demux_005.src1 and rsp_mux_001.sink5
Info: Inserting clock-crossing logic between rsp_demux_006.src0 and rsp_mux.sink6
Info: Inserting clock-crossing logic between rsp_demux_006.src1 and rsp_mux_001.sink6
Warning: niosii: "No matching role found for uart_0:s1:dataavailable (dataavailable)"
Warning: niosii: "No matching role found for uart_0:s1:readyfordata (readyfordata)"
Info: altpll_0: "niosii" instantiated altpll "altpll_0"
Info: jtag_uart_0: Starting RTL generation for module 'niosii_jtag_uart_0'
Info: jtag_uart_0:   Generation command is [exec C:/altera_lite/15.1/quartus/bin64/perl/bin/perl.exe -I C:/altera_lite/15.1/quartus/bin64/perl/lib -I C:/altera_lite/15.1/quartus/sopc_builder/bin/europa -I C:/altera_lite/15.1/quartus/sopc_builder/bin/perl_lib -I C:/altera_lite/15.1/quartus/sopc_builder/bin -I C:/altera_lite/15.1/quartus/../ip/altera/sopc_builder_ip/common -I C:/altera_lite/15.1/quartus/../ip/altera/sopc_builder_ip/altera_avalon_jtag_uart -- C:/altera_lite/15.1/quartus/../ip/altera/sopc_builder_ip/altera_avalon_jtag_uart/generate_rtl.pl --name=niosii_jtag_uart_0 --dir=C:/Users/Baram/AppData/Local/Temp/alt6809_6595720046436606784.dir/0048_jtag_uart_0_gen/ --quartus_dir=C:/altera_lite/15.1/quartus --verilog --config=C:/Users/Baram/AppData/Local/Temp/alt6809_6595720046436606784.dir/0048_jtag_uart_0_gen//niosii_jtag_uart_0_component_configuration.pl  --do_build_sim=0  ]
Info: jtag_uart_0: Done RTL generation for module 'niosii_jtag_uart_0'
Info: jtag_uart_0: "niosii" instantiated altera_avalon_jtag_uart "jtag_uart_0"
Info: nios2_gen2_0: "niosii" instantiated altera_nios2_gen2 "nios2_gen2_0"
Info: onchip_memory2_0: Starting RTL generation for module 'niosii_onchip_memory2_0'
Info: onchip_memory2_0:   Generation command is [exec C:/altera_lite/15.1/quartus/bin64/perl/bin/perl.exe -I C:/altera_lite/15.1/quartus/bin64/perl/lib -I C:/altera_lite/15.1/quartus/sopc_builder/bin/europa -I C:/altera_lite/15.1/quartus/sopc_builder/bin/perl_lib -I C:/altera_lite/15.1/quartus/sopc_builder/bin -I C:/altera_lite/15.1/quartus/../ip/altera/sopc_builder_ip/common -I C:/altera_lite/15.1/quartus/../ip/altera/sopc_builder_ip/altera_avalon_onchip_memory2 -- C:/altera_lite/15.1/quartus/../ip/altera/sopc_builder_ip/altera_avalon_onchip_memory2/generate_rtl.pl --name=niosii_onchip_memory2_0 --dir=C:/Users/Baram/AppData/Local/Temp/alt6809_6595720046436606784.dir/0049_onchip_memory2_0_gen/ --quartus_dir=C:/altera_lite/15.1/quartus --verilog --config=C:/Users/Baram/AppData/Local/Temp/alt6809_6595720046436606784.dir/0049_onchip_memory2_0_gen//niosii_onchip_memory2_0_component_configuration.pl  --do_build_sim=0  ]
Info: onchip_memory2_0: Done RTL generation for module 'niosii_onchip_memory2_0'
Info: onchip_memory2_0: "niosii" instantiated altera_avalon_onchip_memory2 "onchip_memory2_0"
Info: pio_0: Starting RTL generation for module 'niosii_pio_0'
Info: pio_0:   Generation command is [exec C:/altera_lite/15.1/quartus/bin64/perl/bin/perl.exe -I C:/altera_lite/15.1/quartus/bin64/perl/lib -I C:/altera_lite/15.1/quartus/sopc_builder/bin/europa -I C:/altera_lite/15.1/quartus/sopc_builder/bin/perl_lib -I C:/altera_lite/15.1/quartus/sopc_builder/bin -I C:/altera_lite/15.1/quartus/../ip/altera/sopc_builder_ip/common -I C:/altera_lite/15.1/quartus/../ip/altera/sopc_builder_ip/altera_avalon_pio -- C:/altera_lite/15.1/quartus/../ip/altera/sopc_builder_ip/altera_avalon_pio/generate_rtl.pl --name=niosii_pio_0 --dir=C:/Users/Baram/AppData/Local/Temp/alt6809_6595720046436606784.dir/0050_pio_0_gen/ --quartus_dir=C:/altera_lite/15.1/quartus --verilog --config=C:/Users/Baram/AppData/Local/Temp/alt6809_6595720046436606784.dir/0050_pio_0_gen//niosii_pio_0_component_configuration.pl  --do_build_sim=0  ]
Info: pio_0: Done RTL generation for module 'niosii_pio_0'
Info: pio_0: "niosii" instantiated altera_avalon_pio "pio_0"
Info: timer_us: Starting RTL generation for module 'niosii_timer_us'
Info: timer_us:   Generation command is [exec C:/altera_lite/15.1/quartus/bin64//perl/bin/perl.exe -I C:/altera_lite/15.1/quartus/bin64//perl/lib -I C:/altera_lite/15.1/quartus/sopc_builder/bin/europa -I C:/altera_lite/15.1/quartus/sopc_builder/bin/perl_lib -I C:/altera_lite/15.1/quartus/sopc_builder/bin -I C:/altera_lite/15.1/quartus/../ip/altera/sopc_builder_ip/common -I C:/altera_lite/15.1/quartus/../ip/altera/sopc_builder_ip/altera_avalon_timer -- C:/altera_lite/15.1/quartus/../ip/altera/sopc_builder_ip/altera_avalon_timer/generate_rtl.pl --name=niosii_timer_us --dir=C:/Users/Baram/AppData/Local/Temp/alt6809_6595720046436606784.dir/0051_timer_us_gen/ --quartus_dir=C:/altera_lite/15.1/quartus --verilog --config=C:/Users/Baram/AppData/Local/Temp/alt6809_6595720046436606784.dir/0051_timer_us_gen//niosii_timer_us_component_configuration.pl  --do_build_sim=0  ]
Info: timer_us: Done RTL generation for module 'niosii_timer_us'
Info: timer_us: "niosii" instantiated altera_avalon_timer "timer_us"
Info: uart_0: Starting RTL generation for module 'niosii_uart_0'
Info: uart_0:   Generation command is [exec C:/altera_lite/15.1/quartus/bin64/perl/bin/perl.exe -I C:/altera_lite/15.1/quartus/bin64/perl/lib -I C:/altera_lite/15.1/quartus/sopc_builder/bin/europa -I C:/altera_lite/15.1/quartus/sopc_builder/bin/perl_lib -I C:/altera_lite/15.1/quartus/sopc_builder/bin -I C:/altera_lite/15.1/quartus/../ip/altera/sopc_builder_ip/common -I C:/altera_lite/15.1/quartus/../ip/altera/sopc_builder_ip/altera_avalon_uart -- C:/altera_lite/15.1/quartus/../ip/altera/sopc_builder_ip/altera_avalon_uart/generate_rtl.pl --name=niosii_uart_0 --dir=C:/Users/Baram/AppData/Local/Temp/alt6809_6595720046436606784.dir/0052_uart_0_gen/ --quartus_dir=C:/altera_lite/15.1/quartus --verilog --config=C:/Users/Baram/AppData/Local/Temp/alt6809_6595720046436606784.dir/0052_uart_0_gen//niosii_uart_0_component_configuration.pl  --do_build_sim=0  ]
Info: uart_0: Done RTL generation for module 'niosii_uart_0'
Info: uart_0: "niosii" instantiated altera_avalon_uart "uart_0"
Info: avalon_st_adapter: Inserting error_adapter: error_adapter_0
Info: avalon_st_adapter_001: Inserting error_adapter: error_adapter_0
Info: avalon_st_adapter_002: Inserting error_adapter: error_adapter_0
Info: avalon_st_adapter_003: Inserting error_adapter: error_adapter_0
Info: avalon_st_adapter_004: Inserting error_adapter: error_adapter_0
Info: avalon_st_adapter_005: Inserting error_adapter: error_adapter_0
Info: avalon_st_adapter_006: Inserting error_adapter: error_adapter_0
Info: mm_interconnect_0: "niosii" instantiated altera_mm_interconnect "mm_interconnect_0"
Info: irq_mapper: "niosii" instantiated altera_irq_mapper "irq_mapper"
Info: irq_synchronizer: "niosii" instantiated altera_irq_clock_crosser "irq_synchronizer"
Info: rst_controller: "niosii" instantiated altera_reset_controller "rst_controller"
Info: cpu: Starting RTL generation for module 'niosii_nios2_gen2_0_cpu'
Info: cpu:   Generation command is [exec C:/altera_lite/15.1/quartus/bin64//eperlcmd.exe -I C:/altera_lite/15.1/quartus/bin64//perl/lib -I C:/altera_lite/15.1/quartus/sopc_builder/bin/europa -I C:/altera_lite/15.1/quartus/sopc_builder/bin/perl_lib -I C:/altera_lite/15.1/quartus/sopc_builder/bin -I C:/altera_lite/15.1/quartus/../ip/altera/nios2_ip/altera_nios2_gen2/cpu_lib -I C:/altera_lite/15.1/quartus/../ip/altera/nios2_ip/altera_nios2_gen2/nios_lib -I C:/altera_lite/15.1/quartus/../ip/altera/nios2_ip/altera_nios2_gen2 -I C:/altera_lite/15.1/quartus/../ip/altera/nios2_ip/altera_nios2_gen2 -- C:/altera_lite/15.1/quartus/../ip/altera/nios2_ip/altera_nios2_gen2/generate_rtl.epl --name=niosii_nios2_gen2_0_cpu --dir=C:/Users/Baram/AppData/Local/Temp/alt6809_6595720046436606784.dir/0056_cpu_gen/ --quartus_bindir=C:/altera_lite/15.1/quartus/bin64/ --verilog --config=C:/Users/Baram/AppData/Local/Temp/alt6809_6595720046436606784.dir/0056_cpu_gen//niosii_nios2_gen2_0_cpu_processor_configuration.pl  --do_build_sim=0  ]
Info: cpu: # 2016.01.10 00:44:46 (*) Starting Nios II generation
Info: cpu: # 2016.01.10 00:44:46 (*)   Checking for plaintext license.
Info: cpu: # 2016.01.10 00:44:49 (*)   Couldn't query license setup in Quartus directory C:/altera_lite/15.1/quartus/bin64/
Info: cpu: # 2016.01.10 00:44:49 (*)   Defaulting to contents of LM_LICENSE_FILE environment variable
Info: cpu: # 2016.01.10 00:44:49 (*)   LM_LICENSE_FILE environment variable is empty
Info: cpu: # 2016.01.10 00:44:49 (*)   Plaintext license not found.
Info: cpu: # 2016.01.10 00:44:49 (*)   No license required to generate encrypted Nios II/e.
Info: cpu: # 2016.01.10 00:44:49 (*)   Elaborating CPU configuration settings
Info: cpu: # 2016.01.10 00:44:49 (*)   Creating all objects for CPU
Info: cpu: # 2016.01.10 00:44:50 (*)   Generating RTL from CPU objects
Info: cpu: # 2016.01.10 00:44:50 (*)   Creating plain-text RTL
Info: cpu: # 2016.01.10 00:44:51 (*) Done Nios II generation
Info: cpu: Done RTL generation for module 'niosii_nios2_gen2_0_cpu'
Info: cpu: "nios2_gen2_0" instantiated altera_nios2_gen2_unit "cpu"
Info: nios2_gen2_0_data_master_translator: "mm_interconnect_0" instantiated altera_merlin_master_translator "nios2_gen2_0_data_master_translator"
Info: jtag_uart_0_avalon_jtag_slave_translator: "mm_interconnect_0" instantiated altera_merlin_slave_translator "jtag_uart_0_avalon_jtag_slave_translator"
Info: nios2_gen2_0_data_master_agent: "mm_interconnect_0" instantiated altera_merlin_master_agent "nios2_gen2_0_data_master_agent"
Info: jtag_uart_0_avalon_jtag_slave_agent: "mm_interconnect_0" instantiated altera_merlin_slave_agent "jtag_uart_0_avalon_jtag_slave_agent"
Info: jtag_uart_0_avalon_jtag_slave_agent_rsp_fifo: "mm_interconnect_0" instantiated altera_avalon_sc_fifo "jtag_uart_0_avalon_jtag_slave_agent_rsp_fifo"
Info: router: "mm_interconnect_0" instantiated altera_merlin_router "router"
Info: router_002: "mm_interconnect_0" instantiated altera_merlin_router "router_002"
Info: cmd_demux: "mm_interconnect_0" instantiated altera_merlin_demultiplexer "cmd_demux"
Info: cmd_mux: "mm_interconnect_0" instantiated altera_merlin_multiplexer "cmd_mux"
Info: rsp_demux: "mm_interconnect_0" instantiated altera_merlin_demultiplexer "rsp_demux"
Info: rsp_demux_002: "mm_interconnect_0" instantiated altera_merlin_demultiplexer "rsp_demux_002"
Info: rsp_demux_006: "mm_interconnect_0" instantiated altera_merlin_demultiplexer "rsp_demux_006"
Info: rsp_mux: "mm_interconnect_0" instantiated altera_merlin_multiplexer "rsp_mux"
Info: Reusing file C:/FPGA/DE0_nano/Altera_DE0_nano_Exam/prj_niosii_timer/niosii/synthesis/submodules/altera_merlin_arbitrator.sv
Info: crosser: "mm_interconnect_0" instantiated altera_avalon_st_handshake_clock_crosser "crosser"
Info: avalon_st_adapter: "mm_interconnect_0" instantiated altera_avalon_st_adapter "avalon_st_adapter"
Info: error_adapter_0: "avalon_st_adapter" instantiated error_adapter "error_adapter_0"
Info: niosii: Done "niosii" with 29 modules, 48 files
Info: qsys-generate succeeded.
Info: Finished: Create HDL design files for synthesis
