Info: Starting: Create block symbol file (.bsf)
Info: qsys-generate C:\FPGA\DE0_nano\Altera_DE0_nano_Exam\prj_niosii_sdram\niosii.qsys --block-symbol-file --output-directory=C:\FPGA\DE0_nano\Altera_DE0_nano_Exam\prj_niosii_sdram\niosii --family="Cyclone IV E" --part=EP4CE22F17C6
Progress: Loading prj_niosii_sdram/niosii.qsys
Progress: Reading input file
Progress: Adding altpll_0 [altpll 15.1]
Progress: Parameterizing module altpll_0
Progress: Adding clk_0 [clock_source 15.1]
Progress: Parameterizing module clk_0
Progress: Adding jtag_uart_0 [altera_avalon_jtag_uart 15.1]
Progress: Parameterizing module jtag_uart_0
Progress: Adding nios2_gen2_0 [altera_nios2_gen2 15.1]
Progress: Parameterizing module nios2_gen2_0
Progress: Adding onchip_memory2_0 [altera_avalon_onchip_memory2 15.1]
Progress: Parameterizing module onchip_memory2_0
Progress: Adding pio_0 [altera_avalon_pio 15.1]
Progress: Parameterizing module pio_0
Progress: Building connections
Progress: Parameterizing connections
Progress: Validating
Progress: Done reading input file
Warning: niosii.altpll_0: altpll_0.areset_conduit must be exported, or connected to a matching conduit.
Warning: niosii.altpll_0: altpll_0.locked_conduit must be exported, or connected to a matching conduit.
Warning: niosii.altpll_0: altpll_0.phasedone_conduit must be exported, or connected to a matching conduit.
Info: qsys-generate succeeded.
Info: Finished: Create block symbol file (.bsf)
Info: 
Info: Starting: Create HDL design files for synthesis
Info: qsys-generate C:\FPGA\DE0_nano\Altera_DE0_nano_Exam\prj_niosii_sdram\niosii.qsys --synthesis=VHDL --output-directory=C:\FPGA\DE0_nano\Altera_DE0_nano_Exam\prj_niosii_sdram\niosii\synthesis --family="Cyclone IV E" --part=EP4CE22F17C6
Progress: Loading prj_niosii_sdram/niosii.qsys
Progress: Reading input file
Progress: Adding altpll_0 [altpll 15.1]
Progress: Parameterizing module altpll_0
Progress: Adding clk_0 [clock_source 15.1]
Progress: Parameterizing module clk_0
Progress: Adding jtag_uart_0 [altera_avalon_jtag_uart 15.1]
Progress: Parameterizing module jtag_uart_0
Progress: Adding nios2_gen2_0 [altera_nios2_gen2 15.1]
Progress: Parameterizing module nios2_gen2_0
Progress: Adding onchip_memory2_0 [altera_avalon_onchip_memory2 15.1]
Progress: Parameterizing module onchip_memory2_0
Progress: Adding pio_0 [altera_avalon_pio 15.1]
Progress: Parameterizing module pio_0
Progress: Building connections
Progress: Parameterizing connections
Progress: Validating
Progress: Done reading input file
Warning: niosii.altpll_0: altpll_0.areset_conduit must be exported, or connected to a matching conduit.
Warning: niosii.altpll_0: altpll_0.locked_conduit must be exported, or connected to a matching conduit.
Warning: niosii.altpll_0: altpll_0.phasedone_conduit must be exported, or connected to a matching conduit.
Info: niosii: Generating niosii "niosii" for QUARTUS_SYNTH
Info: Inserting clock-crossing logic between cmd_demux.src0 and cmd_mux.sink0
Info: Inserting clock-crossing logic between cmd_demux.src2 and cmd_mux_002.sink0
Info: Inserting clock-crossing logic between cmd_demux.src4 and cmd_mux_004.sink0
Info: Inserting clock-crossing logic between cmd_demux_001.src0 and cmd_mux.sink1
Info: Inserting clock-crossing logic between cmd_demux_001.src2 and cmd_mux_002.sink1
Info: Inserting clock-crossing logic between cmd_demux_001.src4 and cmd_mux_004.sink1
Info: Inserting clock-crossing logic between rsp_demux.src0 and rsp_mux.sink0
Info: Inserting clock-crossing logic between rsp_demux.src1 and rsp_mux_001.sink0
Info: Inserting clock-crossing logic between rsp_demux_002.src0 and rsp_mux.sink2
Info: Inserting clock-crossing logic between rsp_demux_002.src1 and rsp_mux_001.sink2
Info: Inserting clock-crossing logic between rsp_demux_004.src0 and rsp_mux.sink4
Info: Inserting clock-crossing logic between rsp_demux_004.src1 and rsp_mux_001.sink4
Info: altpll_0: "niosii" instantiated altpll "altpll_0"
Info: jtag_uart_0: Starting RTL generation for module 'niosii_jtag_uart_0'
Info: jtag_uart_0:   Generation command is [exec C:/altera_lite/15.1/quartus/bin64/perl/bin/perl.exe -I C:/altera_lite/15.1/quartus/bin64/perl/lib -I C:/altera_lite/15.1/quartus/sopc_builder/bin/europa -I C:/altera_lite/15.1/quartus/sopc_builder/bin/perl_lib -I C:/altera_lite/15.1/quartus/sopc_builder/bin -I C:/altera_lite/15.1/quartus/../ip/altera/sopc_builder_ip/common -I C:/altera_lite/15.1/quartus/../ip/altera/sopc_builder_ip/altera_avalon_jtag_uart -- C:/altera_lite/15.1/quartus/../ip/altera/sopc_builder_ip/altera_avalon_jtag_uart/generate_rtl.pl --name=niosii_jtag_uart_0 --dir=C:/Users/Baram/AppData/Local/Temp/alt6803_4411035588881449777.dir/0003_jtag_uart_0_gen/ --quartus_dir=C:/altera_lite/15.1/quartus --verilog --config=C:/Users/Baram/AppData/Local/Temp/alt6803_4411035588881449777.dir/0003_jtag_uart_0_gen//niosii_jtag_uart_0_component_configuration.pl  --do_build_sim=0  ]
Info: jtag_uart_0: Done RTL generation for module 'niosii_jtag_uart_0'
Info: jtag_uart_0: "niosii" instantiated altera_avalon_jtag_uart "jtag_uart_0"
Info: nios2_gen2_0: "niosii" instantiated altera_nios2_gen2 "nios2_gen2_0"
Info: onchip_memory2_0: Starting RTL generation for module 'niosii_onchip_memory2_0'
Info: onchip_memory2_0:   Generation command is [exec C:/altera_lite/15.1/quartus/bin64/perl/bin/perl.exe -I C:/altera_lite/15.1/quartus/bin64/perl/lib -I C:/altera_lite/15.1/quartus/sopc_builder/bin/europa -I C:/altera_lite/15.1/quartus/sopc_builder/bin/perl_lib -I C:/altera_lite/15.1/quartus/sopc_builder/bin -I C:/altera_lite/15.1/quartus/../ip/altera/sopc_builder_ip/common -I C:/altera_lite/15.1/quartus/../ip/altera/sopc_builder_ip/altera_avalon_onchip_memory2 -- C:/altera_lite/15.1/quartus/../ip/altera/sopc_builder_ip/altera_avalon_onchip_memory2/generate_rtl.pl --name=niosii_onchip_memory2_0 --dir=C:/Users/Baram/AppData/Local/Temp/alt6803_4411035588881449777.dir/0004_onchip_memory2_0_gen/ --quartus_dir=C:/altera_lite/15.1/quartus --verilog --config=C:/Users/Baram/AppData/Local/Temp/alt6803_4411035588881449777.dir/0004_onchip_memory2_0_gen//niosii_onchip_memory2_0_component_configuration.pl  --do_build_sim=0  ]
Info: onchip_memory2_0: Done RTL generation for module 'niosii_onchip_memory2_0'
Info: onchip_memory2_0: "niosii" instantiated altera_avalon_onchip_memory2 "onchip_memory2_0"
Info: pio_0: Starting RTL generation for module 'niosii_pio_0'
Info: pio_0:   Generation command is [exec C:/altera_lite/15.1/quartus/bin64/perl/bin/perl.exe -I C:/altera_lite/15.1/quartus/bin64/perl/lib -I C:/altera_lite/15.1/quartus/sopc_builder/bin/europa -I C:/altera_lite/15.1/quartus/sopc_builder/bin/perl_lib -I C:/altera_lite/15.1/quartus/sopc_builder/bin -I C:/altera_lite/15.1/quartus/../ip/altera/sopc_builder_ip/common -I C:/altera_lite/15.1/quartus/../ip/altera/sopc_builder_ip/altera_avalon_pio -- C:/altera_lite/15.1/quartus/../ip/altera/sopc_builder_ip/altera_avalon_pio/generate_rtl.pl --name=niosii_pio_0 --dir=C:/Users/Baram/AppData/Local/Temp/alt6803_4411035588881449777.dir/0005_pio_0_gen/ --quartus_dir=C:/altera_lite/15.1/quartus --verilog --config=C:/Users/Baram/AppData/Local/Temp/alt6803_4411035588881449777.dir/0005_pio_0_gen//niosii_pio_0_component_configuration.pl  --do_build_sim=0  ]
Info: pio_0: Done RTL generation for module 'niosii_pio_0'
Info: pio_0: "niosii" instantiated altera_avalon_pio "pio_0"
Info: avalon_st_adapter: Inserting error_adapter: error_adapter_0
Info: avalon_st_adapter_001: Inserting error_adapter: error_adapter_0
Info: avalon_st_adapter_002: Inserting error_adapter: error_adapter_0
Info: avalon_st_adapter_003: Inserting error_adapter: error_adapter_0
Info: avalon_st_adapter_004: Inserting error_adapter: error_adapter_0
Info: mm_interconnect_0: "niosii" instantiated altera_mm_interconnect "mm_interconnect_0"
Info: irq_mapper: "niosii" instantiated altera_irq_mapper "irq_mapper"
Info: irq_synchronizer: "niosii" instantiated altera_irq_clock_crosser "irq_synchronizer"
Info: rst_controller: "niosii" instantiated altera_reset_controller "rst_controller"
Info: cpu: Starting RTL generation for module 'niosii_nios2_gen2_0_cpu'
Info: cpu:   Generation command is [exec C:/altera_lite/15.1/quartus/bin64//eperlcmd.exe -I C:/altera_lite/15.1/quartus/bin64//perl/lib -I C:/altera_lite/15.1/quartus/sopc_builder/bin/europa -I C:/altera_lite/15.1/quartus/sopc_builder/bin/perl_lib -I C:/altera_lite/15.1/quartus/sopc_builder/bin -I C:/altera_lite/15.1/quartus/../ip/altera/nios2_ip/altera_nios2_gen2/cpu_lib -I C:/altera_lite/15.1/quartus/../ip/altera/nios2_ip/altera_nios2_gen2/nios_lib -I C:/altera_lite/15.1/quartus/../ip/altera/nios2_ip/altera_nios2_gen2 -I C:/altera_lite/15.1/quartus/../ip/altera/nios2_ip/altera_nios2_gen2 -- C:/altera_lite/15.1/quartus/../ip/altera/nios2_ip/altera_nios2_gen2/generate_rtl.epl --name=niosii_nios2_gen2_0_cpu --dir=C:/Users/Baram/AppData/Local/Temp/alt6803_4411035588881449777.dir/0009_cpu_gen/ --quartus_bindir=C:/altera_lite/15.1/quartus/bin64/ --verilog --config=C:/Users/Baram/AppData/Local/Temp/alt6803_4411035588881449777.dir/0009_cpu_gen//niosii_nios2_gen2_0_cpu_processor_configuration.pl  --do_build_sim=0  ]
Info: cpu: # 2016.01.04 01:11:27 (*) Starting Nios II generation
Info: cpu: # 2016.01.04 01:11:27 (*)   Checking for plaintext license.
Info: cpu: # 2016.01.04 01:11:30 (*)   Couldn't query license setup in Quartus directory C:/altera_lite/15.1/quartus/bin64/
Info: cpu: # 2016.01.04 01:11:30 (*)   Defaulting to contents of LM_LICENSE_FILE environment variable
Info: cpu: # 2016.01.04 01:11:30 (*)   LM_LICENSE_FILE environment variable is empty
Info: cpu: # 2016.01.04 01:11:30 (*)   Plaintext license not found.
Info: cpu: # 2016.01.04 01:11:30 (*)   Checking for encrypted license (non-evaluation).
Info: cpu: # 2016.01.04 01:11:34 (*)   Couldn't query license setup in Quartus directory C:/altera_lite/15.1/quartus/bin64/
Info: cpu: # 2016.01.04 01:11:34 (*)   Defaulting to contents of LM_LICENSE_FILE environment variable
Info: cpu: # 2016.01.04 01:11:34 (*)   LM_LICENSE_FILE environment variable is empty
Info: cpu: # 2016.01.04 01:11:34 (*)   Encrypted license not found.  Defaulting to OCP evaluation license (produces a time-limited SOF)
Info: cpu: # 2016.01.04 01:11:34 (*)   Elaborating CPU configuration settings
Info: cpu: # 2016.01.04 01:11:34 (*)   Creating all objects for CPU
Info: cpu: # 2016.01.04 01:11:34 (*)     Testbench
Info: cpu: # 2016.01.04 01:11:34 (*)     Instruction decoding
Info: cpu: # 2016.01.04 01:11:34 (*)       Instruction fields
Info: cpu: # 2016.01.04 01:11:34 (*)       Instruction decodes
Info: cpu: # 2016.01.04 01:11:34 (*)       Signals for RTL simulation waveforms
Info: cpu: # 2016.01.04 01:11:34 (*)       Instruction controls
Info: cpu: # 2016.01.04 01:11:34 (*)     Pipeline frontend
Info: cpu: # 2016.01.04 01:11:35 (*)     Pipeline backend
Info: cpu: # 2016.01.04 01:11:37 (*)   Generating RTL from CPU objects
Info: cpu: # 2016.01.04 01:11:38 (*)   Creating encrypted RTL
Info: cpu: # 2016.01.04 01:11:39 (*) Done Nios II generation
Info: cpu: Done RTL generation for module 'niosii_nios2_gen2_0_cpu'
Info: cpu: "nios2_gen2_0" instantiated altera_nios2_gen2_unit "cpu"
Info: nios2_gen2_0_data_master_translator: "mm_interconnect_0" instantiated altera_merlin_master_translator "nios2_gen2_0_data_master_translator"
Info: jtag_uart_0_avalon_jtag_slave_translator: "mm_interconnect_0" instantiated altera_merlin_slave_translator "jtag_uart_0_avalon_jtag_slave_translator"
Info: nios2_gen2_0_data_master_agent: "mm_interconnect_0" instantiated altera_merlin_master_agent "nios2_gen2_0_data_master_agent"
Info: jtag_uart_0_avalon_jtag_slave_agent: "mm_interconnect_0" instantiated altera_merlin_slave_agent "jtag_uart_0_avalon_jtag_slave_agent"
Info: jtag_uart_0_avalon_jtag_slave_agent_rsp_fifo: "mm_interconnect_0" instantiated altera_avalon_sc_fifo "jtag_uart_0_avalon_jtag_slave_agent_rsp_fifo"
Info: router: "mm_interconnect_0" instantiated altera_merlin_router "router"
Info: router_002: "mm_interconnect_0" instantiated altera_merlin_router "router_002"
Info: nios2_gen2_0_data_master_limiter: "mm_interconnect_0" instantiated altera_merlin_traffic_limiter "nios2_gen2_0_data_master_limiter"
Info: Reusing file C:/FPGA/DE0_nano/Altera_DE0_nano_Exam/prj_niosii_sdram/niosii/synthesis/submodules/altera_avalon_sc_fifo.v
Info: cmd_demux: "mm_interconnect_0" instantiated altera_merlin_demultiplexer "cmd_demux"
Info: cmd_mux: "mm_interconnect_0" instantiated altera_merlin_multiplexer "cmd_mux"
Info: rsp_demux: "mm_interconnect_0" instantiated altera_merlin_demultiplexer "rsp_demux"
Info: rsp_demux_001: "mm_interconnect_0" instantiated altera_merlin_demultiplexer "rsp_demux_001"
Info: rsp_mux: "mm_interconnect_0" instantiated altera_merlin_multiplexer "rsp_mux"
Info: Reusing file C:/FPGA/DE0_nano/Altera_DE0_nano_Exam/prj_niosii_sdram/niosii/synthesis/submodules/altera_merlin_arbitrator.sv
Info: crosser: "mm_interconnect_0" instantiated altera_avalon_st_handshake_clock_crosser "crosser"
Info: Reusing file C:/FPGA/DE0_nano/Altera_DE0_nano_Exam/prj_niosii_sdram/niosii/synthesis/submodules/altera_avalon_st_pipeline_base.v
Info: avalon_st_adapter: "mm_interconnect_0" instantiated altera_avalon_st_adapter "avalon_st_adapter"
Info: error_adapter_0: "avalon_st_adapter" instantiated error_adapter "error_adapter_0"
Info: niosii: Done "niosii" with 27 modules, 52 files
Info: qsys-generate succeeded.
Info: Finished: Create HDL design files for synthesis
